<?xml version="1.0" encoding="UTF-8"?>
<<<<<<< HEAD
<testng-results ignored="0" total="1" passed="0" failed="1" skipped="0">
=======
<testng-results skipped="1" failed="0" ignored="0" total="1" passed="0">
>>>>>>> branch 'master' of https://github.com/sudeer9/Automation_POM
  <reporter-output>
<<<<<<< HEAD
    <line>
      <![CDATA[testValidLogin is FAILED]]>
    </line>
=======
>>>>>>> branch 'master' of https://github.com/sudeer9/Automation_POM
  </reporter-output>
<<<<<<< HEAD
  <suite started-at="2022-03-15T13:37:48Z" name="Default suite" finished-at="2022-03-15T13:38:15Z" duration-ms="26833">
=======
  <suite name="Default suite" duration-ms="50084" started-at="2021-08-25T07:29:19Z" finished-at="2021-08-25T07:30:09Z">
>>>>>>> branch 'master' of https://github.com/sudeer9/Automation_POM
    <groups>
      <group name="smoke">
<<<<<<< HEAD
        <method signature="ValidLogin_Test.testValidLogin()[pri:1, instance:script.ValidLogin_Test@671a5887]" name="testValidLogin" class="script.ValidLogin_Test"/>
=======
        <method signature="ValidLogin_Test.testValidLogin()[pri:1, instance:script.ValidLogin_Test@68c4039c]" name="testValidLogin" class="script.ValidLogin_Test"/>
>>>>>>> branch 'master' of https://github.com/sudeer9/Automation_POM
      </group> <!-- smoke -->
      <group name="login">
<<<<<<< HEAD
        <method signature="ValidLogin_Test.testValidLogin()[pri:1, instance:script.ValidLogin_Test@671a5887]" name="testValidLogin" class="script.ValidLogin_Test"/>
=======
        <method signature="ValidLogin_Test.testValidLogin()[pri:1, instance:script.ValidLogin_Test@68c4039c]" name="testValidLogin" class="script.ValidLogin_Test"/>
>>>>>>> branch 'master' of https://github.com/sudeer9/Automation_POM
      </group> <!-- login -->
    </groups>
<<<<<<< HEAD
    <test started-at="2022-03-15T13:37:48Z" name="Default test" finished-at="2022-03-15T13:38:15Z" duration-ms="26833">
=======
    <test name="Default test" duration-ms="50084" started-at="2021-08-25T07:29:19Z" finished-at="2021-08-25T07:30:09Z">
>>>>>>> branch 'master' of https://github.com/sudeer9/Automation_POM
      <class name="script.ValidLogin_Test">
<<<<<<< HEAD
        <test-method is-config="true" signature="openApp()[pri:0, instance:script.ValidLogin_Test@671a5887]" started-at="2022-03-15T19:07:48Z" name="openApp" finished-at="2022-03-15T19:08:05Z" duration-ms="17142" status="PASS">
=======
        <test-method status="FAIL" signature="openApp()[pri:0, instance:script.ValidLogin_Test@68c4039c]" name="openApp" is-config="true" duration-ms="49804" started-at="2021-08-25T12:59:19Z" finished-at="2021-08-25T13:00:09Z">
          <exception class="org.openqa.selenium.SessionNotCreatedException">
            <message>
              <![CDATA[session not created: This version of ChromeDriver only supports Chrome version 90
Current browser version is 92.0.4515.159 with binary path C:\Program Files (x86)\Google\Chrome\Application\chrome.exe
Build info: version: '4.0.0-alpha-3', revision: '8c567de6dc'
System info: host: 'DESKTOP-1JFO5LO', ip: '192.168.127.36', os.name: 'Windows 10', os.arch: 'amd64', os.version: '10.0', java.version: '1.8.0_211'
Driver info: driver.version: ChromeDriver
remote stacktrace: Backtrace:
	Ordinal0 [0x002FC013+2474003]
	Ordinal0 [0x002929C1+2042305]
	Ordinal0 [0x001A2F68+1060712]
	Ordinal0 [0x001C188E+1185934]
	Ordinal0 [0x001BD600+1168896]
	Ordinal0 [0x001BAA83+1157763]
	Ordinal0 [0x001EA2A2+1352354]
	Ordinal0 [0x001E8FAA+1347498]
	Ordinal0 [0x001E66DB+1337051]
	Ordinal0 [0x001C3427+1192999]
	Ordinal0 [0x001C42EE+1196782]
	Ordinal0 [0x001C4279+1196665]
	GetHandleVerifier [0x004896FC+1590332]
	GetHandleVerifier [0x00538614+2306900]
	GetHandleVerifier [0x00389E93+543699]
	GetHandleVerifier [0x003892CE+540686]
	Ordinal0 [0x002986BA+2066106]
	Ordinal0 [0x0029D1C8+2085320]
	Ordinal0 [0x0029D308+2085640]
	Ordinal0 [0x002A67F3+2123763]
	BaseThreadInitThunk [0x76336359+25]
	RtlGetAppContainerNamedObjectPath [0x77A687A4+228]
	RtlGetAppContainerNamedObjectPath [0x77A68774+180]
	(No symbol) [0x00000000]
]]>
            </message>
            <full-stacktrace>
              <![CDATA[org.openqa.selenium.SessionNotCreatedException: session not created: This version of ChromeDriver only supports Chrome version 90
Current browser version is 92.0.4515.159 with binary path C:\Program Files (x86)\Google\Chrome\Application\chrome.exe
Build info: version: '4.0.0-alpha-3', revision: '8c567de6dc'
System info: host: 'DESKTOP-1JFO5LO', ip: '192.168.127.36', os.name: 'Windows 10', os.arch: 'amd64', os.version: '10.0', java.version: '1.8.0_211'
Driver info: driver.version: ChromeDriver
remote stacktrace: Backtrace:
	Ordinal0 [0x002FC013+2474003]
	Ordinal0 [0x002929C1+2042305]
	Ordinal0 [0x001A2F68+1060712]
	Ordinal0 [0x001C188E+1185934]
	Ordinal0 [0x001BD600+1168896]
	Ordinal0 [0x001BAA83+1157763]
	Ordinal0 [0x001EA2A2+1352354]
	Ordinal0 [0x001E8FAA+1347498]
	Ordinal0 [0x001E66DB+1337051]
	Ordinal0 [0x001C3427+1192999]
	Ordinal0 [0x001C42EE+1196782]
	Ordinal0 [0x001C4279+1196665]
	GetHandleVerifier [0x004896FC+1590332]
	GetHandleVerifier [0x00538614+2306900]
	GetHandleVerifier [0x00389E93+543699]
	GetHandleVerifier [0x003892CE+540686]
	Ordinal0 [0x002986BA+2066106]
	Ordinal0 [0x0029D1C8+2085320]
	Ordinal0 [0x0029D308+2085640]
	Ordinal0 [0x002A67F3+2123763]
	BaseThreadInitThunk [0x76336359+25]
	RtlGetAppContainerNamedObjectPath [0x77A687A4+228]
	RtlGetAppContainerNamedObjectPath [0x77A68774+180]
	(No symbol) [0x00000000]

	at sun.reflect.NativeConstructorAccessorImpl.newInstance0(Native Method)
	at sun.reflect.NativeConstructorAccessorImpl.newInstance(NativeConstructorAccessorImpl.java:62)
	at sun.reflect.DelegatingConstructorAccessorImpl.newInstance(DelegatingConstructorAccessorImpl.java:45)
	at java.lang.reflect.Constructor.newInstance(Constructor.java:423)
	at org.openqa.selenium.remote.W3CHandshakeResponse.lambda$errorHandler$0(W3CHandshakeResponse.java:62)
	at org.openqa.selenium.remote.HandshakeResponse.lambda$getResponseFunction$0(HandshakeResponse.java:30)
	at org.openqa.selenium.remote.ProtocolHandshake.lambda$createSession$1(ProtocolHandshake.java:127)
	at java.util.stream.ReferencePipeline$3$1.accept(ReferencePipeline.java:193)
	at java.util.Spliterators$ArraySpliterator.tryAdvance(Spliterators.java:958)
	at java.util.stream.ReferencePipeline.forEachWithCancel(ReferencePipeline.java:126)
	at java.util.stream.AbstractPipeline.copyIntoWithCancel(AbstractPipeline.java:498)
	at java.util.stream.AbstractPipeline.copyInto(AbstractPipeline.java:485)
	at java.util.stream.AbstractPipeline.wrapAndCopyInto(AbstractPipeline.java:471)
	at java.util.stream.FindOps$FindOp.evaluateSequential(FindOps.java:152)
	at java.util.stream.AbstractPipeline.evaluate(AbstractPipeline.java:234)
	at java.util.stream.ReferencePipeline.findFirst(ReferencePipeline.java:464)
	at org.openqa.selenium.remote.ProtocolHandshake.createSession(ProtocolHandshake.java:129)
	at org.openqa.selenium.remote.ProtocolHandshake.createSession(ProtocolHandshake.java:75)
	at org.openqa.selenium.remote.HttpCommandExecutor.execute(HttpCommandExecutor.java:139)
	at org.openqa.selenium.remote.service.DriverCommandExecutor.execute(DriverCommandExecutor.java:83)
	at org.openqa.selenium.remote.RemoteWebDriver.execute(RemoteWebDriver.java:576)
	at org.openqa.selenium.remote.RemoteWebDriver.startSession(RemoteWebDriver.java:210)
	at org.openqa.selenium.remote.RemoteWebDriver.<init>(RemoteWebDriver.java:130)
	at org.openqa.selenium.chromium.ChromiumDriver.<init>(ChromiumDriver.java:75)
	at org.openqa.selenium.chrome.ChromeDriver.<init>(ChromeDriver.java:163)
	at org.openqa.selenium.chrome.ChromeDriver.<init>(ChromeDriver.java:150)
	at org.openqa.selenium.chrome.ChromeDriver.<init>(ChromeDriver.java:105)
	at generic.BaseTest.openApp(BaseTest.java:26)
	at sun.reflect.NativeMethodAccessorImpl.invoke0(Native Method)
	at sun.reflect.NativeMethodAccessorImpl.invoke(NativeMethodAccessorImpl.java:62)
	at sun.reflect.DelegatingMethodAccessorImpl.invoke(DelegatingMethodAccessorImpl.java:43)
	at java.lang.reflect.Method.invoke(Method.java:498)
	at org.testng.internal.MethodInvocationHelper.invokeMethod(MethodInvocationHelper.java:108)
	at org.testng.internal.Invoker.invokeConfigurationMethod(Invoker.java:523)
	at org.testng.internal.Invoker.invokeConfigurations(Invoker.java:224)
	at org.testng.internal.Invoker.invokeMethod(Invoker.java:599)
	at org.testng.internal.Invoker.invokeTestMethod(Invoker.java:869)
	at org.testng.internal.Invoker.invokeTestMethods(Invoker.java:1193)
	at org.testng.internal.TestMethodWorker.invokeTestMethods(TestMethodWorker.java:126)
	at org.testng.internal.TestMethodWorker.run(TestMethodWorker.java:109)
	at org.testng.TestRunner.privateRun(TestRunner.java:744)
	at org.testng.TestRunner.run(TestRunner.java:602)
	at org.testng.SuiteRunner.runTest(SuiteRunner.java:380)
	at org.testng.SuiteRunner.runSequentially(SuiteRunner.java:375)
	at org.testng.SuiteRunner.privateRun(SuiteRunner.java:340)
	at org.testng.SuiteRunner.run(SuiteRunner.java:289)
	at org.testng.SuiteRunnerWorker.runSuite(SuiteRunnerWorker.java:52)
	at org.testng.SuiteRunnerWorker.run(SuiteRunnerWorker.java:86)
	at org.testng.TestNG.runSuitesSequentially(TestNG.java:1301)
	at org.testng.TestNG.runSuitesLocally(TestNG.java:1226)
	at org.testng.TestNG.runSuites(TestNG.java:1144)
	at org.testng.TestNG.run(TestNG.java:1115)
	at org.testng.remote.AbstractRemoteTestNG.run(AbstractRemoteTestNG.java:132)
	at org.testng.remote.RemoteTestNG.initAndRun(RemoteTestNG.java:230)
	at org.testng.remote.RemoteTestNG.main(RemoteTestNG.java:76)
]]>
            </full-stacktrace>
          </exception> <!-- org.openqa.selenium.SessionNotCreatedException -->
>>>>>>> branch 'master' of https://github.com/sudeer9/Automation_POM
          <reporter-output>
          </reporter-output>
        </test-method> <!-- openApp -->
<<<<<<< HEAD
        <test-method signature="testValidLogin()[pri:1, instance:script.ValidLogin_Test@671a5887]" started-at="2022-03-15T19:08:05Z" name="testValidLogin" finished-at="2022-03-15T19:08:14Z" duration-ms="8204" status="FAIL">
          <exception class="java.lang.AssertionError">
            <message>
              <![CDATA[expected [actiTIME - Enter Time-Track] but found [actiTIME - Login]]]>
            </message>
            <full-stacktrace>
              <![CDATA[java.lang.AssertionError: expected [actiTIME - Enter Time-Track] but found [actiTIME - Login]
	at org.testng.Assert.fail(Assert.java:93)
	at org.testng.Assert.failNotEquals(Assert.java:512)
	at org.testng.Assert.assertEqualsImpl(Assert.java:134)
	at org.testng.Assert.assertEquals(Assert.java:115)
	at org.testng.Assert.assertEquals(Assert.java:189)
	at org.testng.Assert.assertEquals(Assert.java:199)
	at page.EnterPage.verifyHomePageDisplayed(EnterPage.java:49)
	at script.ValidLogin_Test.testValidLogin(ValidLogin_Test.java:26)
	at java.base/jdk.internal.reflect.NativeMethodAccessorImpl.invoke0(Native Method)
	at java.base/jdk.internal.reflect.NativeMethodAccessorImpl.invoke(NativeMethodAccessorImpl.java:64)
	at java.base/jdk.internal.reflect.DelegatingMethodAccessorImpl.invoke(DelegatingMethodAccessorImpl.java:43)
	at java.base/java.lang.reflect.Method.invoke(Method.java:564)
	at org.testng.internal.MethodInvocationHelper.invokeMethod(MethodInvocationHelper.java:108)
	at org.testng.internal.Invoker.invokeMethod(Invoker.java:661)
	at org.testng.internal.Invoker.invokeTestMethod(Invoker.java:869)
	at org.testng.internal.Invoker.invokeTestMethods(Invoker.java:1193)
	at org.testng.internal.TestMethodWorker.invokeTestMethods(TestMethodWorker.java:126)
	at org.testng.internal.TestMethodWorker.run(TestMethodWorker.java:109)
	at org.testng.TestRunner.privateRun(TestRunner.java:744)
	at org.testng.TestRunner.run(TestRunner.java:602)
	at org.testng.SuiteRunner.runTest(SuiteRunner.java:380)
	at org.testng.SuiteRunner.runSequentially(SuiteRunner.java:375)
	at org.testng.SuiteRunner.privateRun(SuiteRunner.java:340)
	at org.testng.SuiteRunner.run(SuiteRunner.java:289)
	at org.testng.SuiteRunnerWorker.runSuite(SuiteRunnerWorker.java:52)
	at org.testng.SuiteRunnerWorker.run(SuiteRunnerWorker.java:86)
	at org.testng.TestNG.runSuitesSequentially(TestNG.java:1301)
	at org.testng.TestNG.runSuitesLocally(TestNG.java:1226)
	at org.testng.TestNG.runSuites(TestNG.java:1144)
	at org.testng.TestNG.run(TestNG.java:1115)
	at org.testng.remote.AbstractRemoteTestNG.run(AbstractRemoteTestNG.java:132)
	at org.testng.remote.RemoteTestNG.initAndRun(RemoteTestNG.java:230)
	at org.testng.remote.RemoteTestNG.main(RemoteTestNG.java:76)
]]>
            </full-stacktrace>
          </exception> <!-- java.lang.AssertionError -->
=======
        <test-method status="SKIP" signature="testValidLogin()[pri:1, instance:script.ValidLogin_Test@68c4039c]" name="testValidLogin" duration-ms="59" started-at="2021-08-25T13:00:09Z" finished-at="2021-08-25T13:00:09Z">
          <exception class="org.openqa.selenium.SessionNotCreatedException">
            <message>
              <![CDATA[session not created: This version of ChromeDriver only supports Chrome version 90
Current browser version is 92.0.4515.159 with binary path C:\Program Files (x86)\Google\Chrome\Application\chrome.exe
Build info: version: '4.0.0-alpha-3', revision: '8c567de6dc'
System info: host: 'DESKTOP-1JFO5LO', ip: '192.168.127.36', os.name: 'Windows 10', os.arch: 'amd64', os.version: '10.0', java.version: '1.8.0_211'
Driver info: driver.version: ChromeDriver
remote stacktrace: Backtrace:
	Ordinal0 [0x002FC013+2474003]
	Ordinal0 [0x002929C1+2042305]
	Ordinal0 [0x001A2F68+1060712]
	Ordinal0 [0x001C188E+1185934]
	Ordinal0 [0x001BD600+1168896]
	Ordinal0 [0x001BAA83+1157763]
	Ordinal0 [0x001EA2A2+1352354]
	Ordinal0 [0x001E8FAA+1347498]
	Ordinal0 [0x001E66DB+1337051]
	Ordinal0 [0x001C3427+1192999]
	Ordinal0 [0x001C42EE+1196782]
	Ordinal0 [0x001C4279+1196665]
	GetHandleVerifier [0x004896FC+1590332]
	GetHandleVerifier [0x00538614+2306900]
	GetHandleVerifier [0x00389E93+543699]
	GetHandleVerifier [0x003892CE+540686]
	Ordinal0 [0x002986BA+2066106]
	Ordinal0 [0x0029D1C8+2085320]
	Ordinal0 [0x0029D308+2085640]
	Ordinal0 [0x002A67F3+2123763]
	BaseThreadInitThunk [0x76336359+25]
	RtlGetAppContainerNamedObjectPath [0x77A687A4+228]
	RtlGetAppContainerNamedObjectPath [0x77A68774+180]
	(No symbol) [0x00000000]
]]>
            </message>
            <full-stacktrace>
              <![CDATA[org.openqa.selenium.SessionNotCreatedException: session not created: This version of ChromeDriver only supports Chrome version 90
Current browser version is 92.0.4515.159 with binary path C:\Program Files (x86)\Google\Chrome\Application\chrome.exe
Build info: version: '4.0.0-alpha-3', revision: '8c567de6dc'
System info: host: 'DESKTOP-1JFO5LO', ip: '192.168.127.36', os.name: 'Windows 10', os.arch: 'amd64', os.version: '10.0', java.version: '1.8.0_211'
Driver info: driver.version: ChromeDriver
remote stacktrace: Backtrace:
	Ordinal0 [0x002FC013+2474003]
	Ordinal0 [0x002929C1+2042305]
	Ordinal0 [0x001A2F68+1060712]
	Ordinal0 [0x001C188E+1185934]
	Ordinal0 [0x001BD600+1168896]
	Ordinal0 [0x001BAA83+1157763]
	Ordinal0 [0x001EA2A2+1352354]
	Ordinal0 [0x001E8FAA+1347498]
	Ordinal0 [0x001E66DB+1337051]
	Ordinal0 [0x001C3427+1192999]
	Ordinal0 [0x001C42EE+1196782]
	Ordinal0 [0x001C4279+1196665]
	GetHandleVerifier [0x004896FC+1590332]
	GetHandleVerifier [0x00538614+2306900]
	GetHandleVerifier [0x00389E93+543699]
	GetHandleVerifier [0x003892CE+540686]
	Ordinal0 [0x002986BA+2066106]
	Ordinal0 [0x0029D1C8+2085320]
	Ordinal0 [0x0029D308+2085640]
	Ordinal0 [0x002A67F3+2123763]
	BaseThreadInitThunk [0x76336359+25]
	RtlGetAppContainerNamedObjectPath [0x77A687A4+228]
	RtlGetAppContainerNamedObjectPath [0x77A68774+180]
	(No symbol) [0x00000000]

	at sun.reflect.NativeConstructorAccessorImpl.newInstance0(Native Method)
	at sun.reflect.NativeConstructorAccessorImpl.newInstance(NativeConstructorAccessorImpl.java:62)
	at sun.reflect.DelegatingConstructorAccessorImpl.newInstance(DelegatingConstructorAccessorImpl.java:45)
	at java.lang.reflect.Constructor.newInstance(Constructor.java:423)
	at org.openqa.selenium.remote.W3CHandshakeResponse.lambda$errorHandler$0(W3CHandshakeResponse.java:62)
	at org.openqa.selenium.remote.HandshakeResponse.lambda$getResponseFunction$0(HandshakeResponse.java:30)
	at org.openqa.selenium.remote.ProtocolHandshake.lambda$createSession$1(ProtocolHandshake.java:127)
	at java.util.stream.ReferencePipeline$3$1.accept(ReferencePipeline.java:193)
	at java.util.Spliterators$ArraySpliterator.tryAdvance(Spliterators.java:958)
	at java.util.stream.ReferencePipeline.forEachWithCancel(ReferencePipeline.java:126)
	at java.util.stream.AbstractPipeline.copyIntoWithCancel(AbstractPipeline.java:498)
	at java.util.stream.AbstractPipeline.copyInto(AbstractPipeline.java:485)
	at java.util.stream.AbstractPipeline.wrapAndCopyInto(AbstractPipeline.java:471)
	at java.util.stream.FindOps$FindOp.evaluateSequential(FindOps.java:152)
	at java.util.stream.AbstractPipeline.evaluate(AbstractPipeline.java:234)
	at java.util.stream.ReferencePipeline.findFirst(ReferencePipeline.java:464)
	at org.openqa.selenium.remote.ProtocolHandshake.createSession(ProtocolHandshake.java:129)
	at org.openqa.selenium.remote.ProtocolHandshake.createSession(ProtocolHandshake.java:75)
	at org.openqa.selenium.remote.HttpCommandExecutor.execute(HttpCommandExecutor.java:139)
	at org.openqa.selenium.remote.service.DriverCommandExecutor.execute(DriverCommandExecutor.java:83)
	at org.openqa.selenium.remote.RemoteWebDriver.execute(RemoteWebDriver.java:576)
	at org.openqa.selenium.remote.RemoteWebDriver.startSession(RemoteWebDriver.java:210)
	at org.openqa.selenium.remote.RemoteWebDriver.<init>(RemoteWebDriver.java:130)
	at org.openqa.selenium.chromium.ChromiumDriver.<init>(ChromiumDriver.java:75)
	at org.openqa.selenium.chrome.ChromeDriver.<init>(ChromeDriver.java:163)
	at org.openqa.selenium.chrome.ChromeDriver.<init>(ChromeDriver.java:150)
	at org.openqa.selenium.chrome.ChromeDriver.<init>(ChromeDriver.java:105)
	at generic.BaseTest.openApp(BaseTest.java:26)
	at sun.reflect.NativeMethodAccessorImpl.invoke0(Native Method)
	at sun.reflect.NativeMethodAccessorImpl.invoke(NativeMethodAccessorImpl.java:62)
	at sun.reflect.DelegatingMethodAccessorImpl.invoke(DelegatingMethodAccessorImpl.java:43)
	at java.lang.reflect.Method.invoke(Method.java:498)
	at org.testng.internal.MethodInvocationHelper.invokeMethod(MethodInvocationHelper.java:108)
	at org.testng.internal.Invoker.invokeConfigurationMethod(Invoker.java:523)
	at org.testng.internal.Invoker.invokeConfigurations(Invoker.java:224)
	at org.testng.internal.Invoker.invokeMethod(Invoker.java:599)
	at org.testng.internal.Invoker.invokeTestMethod(Invoker.java:869)
	at org.testng.internal.Invoker.invokeTestMethods(Invoker.java:1193)
	at org.testng.internal.TestMethodWorker.invokeTestMethods(TestMethodWorker.java:126)
	at org.testng.internal.TestMethodWorker.run(TestMethodWorker.java:109)
	at org.testng.TestRunner.privateRun(TestRunner.java:744)
	at org.testng.TestRunner.run(TestRunner.java:602)
	at org.testng.SuiteRunner.runTest(SuiteRunner.java:380)
	at org.testng.SuiteRunner.runSequentially(SuiteRunner.java:375)
	at org.testng.SuiteRunner.privateRun(SuiteRunner.java:340)
	at org.testng.SuiteRunner.run(SuiteRunner.java:289)
	at org.testng.SuiteRunnerWorker.runSuite(SuiteRunnerWorker.java:52)
	at org.testng.SuiteRunnerWorker.run(SuiteRunnerWorker.java:86)
	at org.testng.TestNG.runSuitesSequentially(TestNG.java:1301)
	at org.testng.TestNG.runSuitesLocally(TestNG.java:1226)
	at org.testng.TestNG.runSuites(TestNG.java:1144)
	at org.testng.TestNG.run(TestNG.java:1115)
	at org.testng.remote.AbstractRemoteTestNG.run(AbstractRemoteTestNG.java:132)
	at org.testng.remote.RemoteTestNG.initAndRun(RemoteTestNG.java:230)
	at org.testng.remote.RemoteTestNG.main(RemoteTestNG.java:76)
]]>
            </full-stacktrace>
          </exception> <!-- org.openqa.selenium.SessionNotCreatedException -->
>>>>>>> branch 'master' of https://github.com/sudeer9/Automation_POM
          <reporter-output>
          </reporter-output>
        </test-method> <!-- testValidLogin -->
<<<<<<< HEAD
        <test-method is-config="true" signature="closeApp(org.testng.ITestResult)[pri:0, instance:script.ValidLogin_Test@671a5887]" started-at="2022-03-15T19:08:14Z" name="closeApp" finished-at="2022-03-15T19:08:15Z" duration-ms="1452" status="PASS">
          <params>
            <param index="0">
              <value>
                <![CDATA[[TestResult name=testValidLogin status=FAILURE method=ValidLogin_Test.testValidLogin()[pri:1, instance:script.ValidLogin_Test@671a5887] output={null}]]]>
              </value>
            </param>
          </params>
          <reporter-output>
            <line>
              <![CDATA[testValidLogin is FAILED]]>
            </line>
          </reporter-output>
        </test-method> <!-- closeApp -->
=======
>>>>>>> branch 'master' of https://github.com/sudeer9/Automation_POM
      </class> <!-- script.ValidLogin_Test -->
    </test> <!-- Default test -->
  </suite> <!-- Default suite -->
</testng-results>
